[2025-10-08 04:46:13 DEBUG Log:20] Start Menu
[2025-10-08 04:47:13 DEBUG Log:28] Load part th√†nh c√¥ng (2138)
[2025-10-08 04:47:13 DEBUG Log:28] Load map template th√†nh c√¥ng (169)
[2025-10-08 04:47:13 DEBUG Log:28] Load skill th√†nh c√¥ng (3)
[2025-10-08 04:47:13 DEBUG Log:28] Load head avatar th√†nh c√¥ng (459)
[2025-10-08 04:47:13 DEBUG Log:28] load Arr head 2 frames (45)
[2025-10-08 04:47:13 DEBUG Log:28] Load flag bag th√†nh c√¥ng (140)
[2025-10-08 04:47:13 DEBUG Log:28] Load c·∫£i trang th√†nh c√¥ng (406)
[2025-10-08 04:47:13 DEBUG Log:28] Load intrinsic th√†nh c√¥ng (27)
[2025-10-08 04:47:13 DEBUG Log:28] Load task th√†nh c√¥ng (35)
[2025-10-08 04:47:13 DEBUG Log:28] Load side task th√†nh c√¥ng (59)
[2025-10-08 04:47:13 DEBUG Log:28] Load map item template th√†nh c√¥ng (2129)
[2025-10-08 04:47:13 DEBUG Log:28] Load map item option template th√†nh c√¥ng (251)
[2025-10-08 04:47:13 DEBUG Log:28] Load shop th√†nh c√¥ng (25)
[2025-10-08 04:47:13 DEBUG Log:28] Load reward lucky round th√†nh c√¥ng! 98.26
[2025-10-08 04:47:13 DEBUG Log:28] Load mod reward th√†nh c√¥ng (82)
[2025-10-08 04:47:13 DEBUG Log:28] Load mob template th√†nh c√¥ng (92)
[2025-10-08 04:47:13 DEBUG Log:28] Load npc template th√†nh c√¥ng (81)
[2025-10-08 04:47:14 DEBUG Log:28] Th√¥ng b√°o t·∫£i d·ªØ li·ªáu images by name th√†nh c√¥ng (126)
[2025-10-08 04:47:14 DEBUG Log:28] Load clan th√†nh c√¥ng (19), clan next id: 2506
[2025-10-08 04:47:14 DEBUG Log:20] T·ªïng th·ªùi gian load database: 1850(ms)
[2025-10-08 04:47:14 DEBUG Log:20] Start server......... Current thread: 473
[2025-10-08 14:17:51 DEBUG Log:20] Start Menu
[2025-10-08 14:19:03 DEBUG Log:28] Load part th√†nh c√¥ng (2138)
[2025-10-08 14:19:03 DEBUG Log:28] Load map template th√†nh c√¥ng (169)
[2025-10-08 14:19:04 DEBUG Log:28] Load skill th√†nh c√¥ng (3)
[2025-10-08 14:19:04 DEBUG Log:28] Load head avatar th√†nh c√¥ng (459)
[2025-10-08 14:19:04 DEBUG Log:28] load Arr head 2 frames (45)
[2025-10-08 14:19:04 DEBUG Log:28] Load flag bag th√†nh c√¥ng (140)
[2025-10-08 14:19:04 DEBUG Log:28] Load c·∫£i trang th√†nh c√¥ng (406)
[2025-10-08 14:19:04 DEBUG Log:28] Load intrinsic th√†nh c√¥ng (27)
[2025-10-08 14:19:04 DEBUG Log:28] Load task th√†nh c√¥ng (35)
[2025-10-08 14:19:04 DEBUG Log:28] Load side task th√†nh c√¥ng (59)
[2025-10-08 14:19:04 DEBUG Log:28] Load map item template th√†nh c√¥ng (2129)
[2025-10-08 14:19:04 DEBUG Log:28] Load map item option template th√†nh c√¥ng (251)
[2025-10-08 14:19:04 DEBUG Log:28] Load shop th√†nh c√¥ng (25)
[2025-10-08 14:19:04 DEBUG Log:28] Load reward lucky round th√†nh c√¥ng! 98.26
[2025-10-08 14:19:04 DEBUG Log:28] Load mod reward th√†nh c√¥ng (82)
[2025-10-08 14:19:04 DEBUG Log:28] Load mob template th√†nh c√¥ng (92)
[2025-10-08 14:19:05 DEBUG Log:28] Load npc template th√†nh c√¥ng (81)
[2025-10-08 14:19:05 DEBUG Log:28] Th√¥ng b√°o t·∫£i d·ªØ li·ªáu images by name th√†nh c√¥ng (126)
[2025-10-08 14:19:05 DEBUG Log:28] Load clan th√†nh c√¥ng (19), clan next id: 2506
[2025-10-08 14:19:05 DEBUG Log:20] T·ªïng th·ªùi gian load database: 3010(ms)
[2025-10-08 14:19:05 DEBUG Log:20] Start server......... Current thread: 482
[2025-10-08 14:28:48 DEBUG Log:20] Start Menu
[2025-10-08 14:30:08 DEBUG Log:28] Load part th√†nh c√¥ng (2138)
[2025-10-08 14:30:08 DEBUG Log:28] Load map template th√†nh c√¥ng (169)
[2025-10-08 14:30:08 DEBUG Log:28] Load skill th√†nh c√¥ng (3)
[2025-10-08 14:30:08 DEBUG Log:28] Load head avatar th√†nh c√¥ng (459)
[2025-10-08 14:30:08 DEBUG Log:28] load Arr head 2 frames (45)
[2025-10-08 14:30:08 DEBUG Log:28] Load flag bag th√†nh c√¥ng (140)
[2025-10-08 14:30:08 DEBUG Log:28] Load c·∫£i trang th√†nh c√¥ng (406)
[2025-10-08 14:30:08 DEBUG Log:28] Load intrinsic th√†nh c√¥ng (27)
[2025-10-08 14:30:08 DEBUG Log:28] Load task th√†nh c√¥ng (35)
[2025-10-08 14:30:08 DEBUG Log:28] Load side task th√†nh c√¥ng (59)
[2025-10-08 14:30:08 DEBUG Log:28] Load map item template th√†nh c√¥ng (2129)
[2025-10-08 14:30:08 DEBUG Log:28] Load map item option template th√†nh c√¥ng (251)
[2025-10-08 14:30:08 DEBUG Log:28] Load shop th√†nh c√¥ng (25)
[2025-10-08 14:30:08 DEBUG Log:28] Load reward lucky round th√†nh c√¥ng! 98.26
[2025-10-08 14:30:08 DEBUG Log:28] Load mod reward th√†nh c√¥ng (82)
[2025-10-08 14:30:08 DEBUG Log:28] Load mob template th√†nh c√¥ng (92)
[2025-10-08 14:30:08 DEBUG Log:28] Load npc template th√†nh c√¥ng (81)
[2025-10-08 14:30:09 DEBUG Log:28] Th√¥ng b√°o t·∫£i d·ªØ li·ªáu images by name th√†nh c√¥ng (126)
[2025-10-08 14:30:09 DEBUG Log:28] Load clan th√†nh c√¥ng (19), clan next id: 2506
[2025-10-08 14:30:09 DEBUG Log:20] T·ªïng th·ªùi gian load database: 2248(ms)
[2025-10-08 14:30:09 DEBUG Log:20] Start server......... Current thread: 461
[2025-10-08 14:30:10 DEBUG Log:28] ‚úÖ BossManager: Kh·ªüi t·∫°o boss th√†nh c√¥ng.
[2025-10-08 14:38:53 DEBUG Log:20] Start Menu
[2025-10-08 14:39:51 DEBUG Log:28] Load part th√†nh c√¥ng (2138)
[2025-10-08 14:39:52 DEBUG Log:28] Load map template th√†nh c√¥ng (169)
[2025-10-08 14:39:52 DEBUG Log:28] Load skill th√†nh c√¥ng (3)
[2025-10-08 14:39:52 DEBUG Log:28] Load head avatar th√†nh c√¥ng (459)
[2025-10-08 14:39:52 DEBUG Log:28] load Arr head 2 frames (45)
[2025-10-08 14:39:52 DEBUG Log:28] Load flag bag th√†nh c√¥ng (140)
[2025-10-08 14:39:52 DEBUG Log:28] Load c·∫£i trang th√†nh c√¥ng (406)
[2025-10-08 14:39:52 DEBUG Log:28] Load intrinsic th√†nh c√¥ng (27)
[2025-10-08 14:39:52 DEBUG Log:28] Load task th√†nh c√¥ng (35)
[2025-10-08 14:39:52 DEBUG Log:28] Load side task th√†nh c√¥ng (59)
[2025-10-08 14:39:52 DEBUG Log:28] Load map item template th√†nh c√¥ng (2129)
[2025-10-08 14:39:52 DEBUG Log:28] Load map item option template th√†nh c√¥ng (251)
[2025-10-08 14:39:52 DEBUG Log:28] Load shop th√†nh c√¥ng (25)
[2025-10-08 14:39:52 DEBUG Log:28] Load reward lucky round th√†nh c√¥ng! 98.26
[2025-10-08 14:39:52 DEBUG Log:28] Load mod reward th√†nh c√¥ng (82)
[2025-10-08 14:39:52 DEBUG Log:28] Load mob template th√†nh c√¥ng (92)
[2025-10-08 14:39:52 DEBUG Log:28] Load npc template th√†nh c√¥ng (81)
[2025-10-08 14:39:53 DEBUG Log:28] Th√¥ng b√°o t·∫£i d·ªØ li·ªáu images by name th√†nh c√¥ng (126)
[2025-10-08 14:39:53 DEBUG Log:28] Load clan th√†nh c√¥ng (19), clan next id: 2506
[2025-10-08 14:39:53 DEBUG Log:20] T·ªïng th·ªùi gian load database: 2335(ms)
[2025-10-08 14:39:53 DEBUG Log:20] Start server......... Current thread: 286
[2025-10-08 14:39:53 DEBUG Log:28] ‚úÖ BossManager: Kh·ªüi t·∫°o boss th√†nh c√¥ng.
[2025-10-08 14:47:21 DEBUG Log:20] Start Menu
[2025-10-08 14:48:24 DEBUG Log:28] Load part th√†nh c√¥ng (2138)
[2025-10-08 14:48:24 DEBUG Log:28] Load map template th√†nh c√¥ng (169)
[2025-10-08 14:48:24 DEBUG Log:28] Load skill th√†nh c√¥ng (3)
[2025-10-08 14:48:24 DEBUG Log:28] Load head avatar th√†nh c√¥ng (459)
[2025-10-08 14:48:24 DEBUG Log:28] load Arr head 2 frames (45)
[2025-10-08 14:48:24 DEBUG Log:28] Load flag bag th√†nh c√¥ng (140)
[2025-10-08 14:48:24 DEBUG Log:28] Load c·∫£i trang th√†nh c√¥ng (406)
[2025-10-08 14:48:24 DEBUG Log:28] Load intrinsic th√†nh c√¥ng (27)
[2025-10-08 14:48:24 DEBUG Log:28] Load task th√†nh c√¥ng (35)
[2025-10-08 14:48:24 DEBUG Log:28] Load side task th√†nh c√¥ng (59)
[2025-10-08 14:48:24 DEBUG Log:28] Load map item template th√†nh c√¥ng (2129)
[2025-10-08 14:48:24 DEBUG Log:28] Load map item option template th√†nh c√¥ng (251)
[2025-10-08 14:48:24 DEBUG Log:28] Load shop th√†nh c√¥ng (25)
[2025-10-08 14:48:24 DEBUG Log:28] Load reward lucky round th√†nh c√¥ng! 98.26
[2025-10-08 14:48:24 DEBUG Log:28] Load mod reward th√†nh c√¥ng (82)
[2025-10-08 14:48:24 DEBUG Log:28] Load mob template th√†nh c√¥ng (92)
[2025-10-08 14:48:24 DEBUG Log:28] Load npc template th√†nh c√¥ng (81)
[2025-10-08 14:48:25 DEBUG Log:28] Th√¥ng b√°o t·∫£i d·ªØ li·ªáu images by name th√†nh c√¥ng (126)
[2025-10-08 14:48:25 DEBUG Log:28] Load clan th√†nh c√¥ng (19), clan next id: 2506
[2025-10-08 14:48:25 DEBUG Log:20] T·ªïng th·ªùi gian load database: 2135(ms)
[2025-10-08 14:48:25 DEBUG Log:20] Start server......... Current thread: 459
[2025-10-08 14:48:25 DEBUG Log:28] ‚úÖ BossManager: Kh·ªüi t·∫°o boss th√†nh c√¥ng.
[2025-10-08 15:30:03 DEBUG Log:20] Start Menu
[2025-10-08 15:31:17 DEBUG Log:28] Load part th√†nh c√¥ng (2138)
[2025-10-08 15:31:17 DEBUG Log:28] Load map template th√†nh c√¥ng (169)
[2025-10-08 15:31:17 DEBUG Log:28] Load skill th√†nh c√¥ng (3)
[2025-10-08 15:31:17 DEBUG Log:28] Load head avatar th√†nh c√¥ng (459)
[2025-10-08 15:31:17 DEBUG Log:28] load Arr head 2 frames (45)
[2025-10-08 15:31:17 DEBUG Log:28] Load flag bag th√†nh c√¥ng (140)
[2025-10-08 15:31:17 DEBUG Log:28] Load c·∫£i trang th√†nh c√¥ng (406)
[2025-10-08 15:31:17 DEBUG Log:28] Load intrinsic th√†nh c√¥ng (27)
[2025-10-08 15:31:17 DEBUG Log:28] Load task th√†nh c√¥ng (35)
[2025-10-08 15:31:17 DEBUG Log:28] Load side task th√†nh c√¥ng (59)
[2025-10-08 15:31:17 DEBUG Log:28] Load map item template th√†nh c√¥ng (2129)
[2025-10-08 15:31:17 DEBUG Log:28] Load map item option template th√†nh c√¥ng (251)
[2025-10-08 15:31:17 DEBUG Log:28] Load shop th√†nh c√¥ng (25)
[2025-10-08 15:31:17 DEBUG Log:28] Load reward lucky round th√†nh c√¥ng! 98.26
[2025-10-08 15:31:17 DEBUG Log:28] Load mod reward th√†nh c√¥ng (82)
[2025-10-08 15:31:17 DEBUG Log:28] Load mob template th√†nh c√¥ng (92)
[2025-10-08 15:31:17 DEBUG Log:28] Load npc template th√†nh c√¥ng (81)
[2025-10-08 15:31:18 DEBUG Log:28] Th√¥ng b√°o t·∫£i d·ªØ li·ªáu images by name th√†nh c√¥ng (126)
[2025-10-08 15:31:18 DEBUG Log:28] Load clan th√†nh c√¥ng (19), clan next id: 2506
[2025-10-08 15:31:18 DEBUG Log:20] T·ªïng th·ªùi gian load database: 2038(ms)
[2025-10-08 15:31:18 DEBUG Log:20] Start server......... Current thread: 289
[2025-10-08 15:31:18 DEBUG Log:28] ‚úÖ BossManager: Kh·ªüi t·∫°o boss th√†nh c√¥ng.
[2025-10-08 15:36:13 DEBUG Log:20] Start Menu
[2025-10-08 15:37:19 DEBUG Log:28] Load part th√†nh c√¥ng (2138)
[2025-10-08 15:37:19 DEBUG Log:28] Load map template th√†nh c√¥ng (169)
[2025-10-08 15:37:19 DEBUG Log:28] Load skill th√†nh c√¥ng (3)
[2025-10-08 15:37:19 DEBUG Log:28] Load head avatar th√†nh c√¥ng (459)
[2025-10-08 15:37:19 DEBUG Log:28] load Arr head 2 frames (45)
[2025-10-08 15:37:19 DEBUG Log:28] Load flag bag th√†nh c√¥ng (140)
[2025-10-08 15:37:19 DEBUG Log:28] Load c·∫£i trang th√†nh c√¥ng (406)
[2025-10-08 15:37:19 DEBUG Log:28] Load intrinsic th√†nh c√¥ng (27)
[2025-10-08 15:37:19 DEBUG Log:28] Load task th√†nh c√¥ng (35)
[2025-10-08 15:37:19 DEBUG Log:28] Load side task th√†nh c√¥ng (59)
[2025-10-08 15:37:19 DEBUG Log:28] Load map item template th√†nh c√¥ng (2129)
[2025-10-08 15:37:19 DEBUG Log:28] Load map item option template th√†nh c√¥ng (251)
[2025-10-08 15:37:19 DEBUG Log:28] Load shop th√†nh c√¥ng (25)
[2025-10-08 15:37:19 DEBUG Log:28] Load reward lucky round th√†nh c√¥ng! 98.26
[2025-10-08 15:37:19 DEBUG Log:28] Load mod reward th√†nh c√¥ng (82)
[2025-10-08 15:37:19 DEBUG Log:28] Load mob template th√†nh c√¥ng (92)
[2025-10-08 15:37:19 DEBUG Log:28] Load npc template th√†nh c√¥ng (81)
[2025-10-08 15:37:20 DEBUG Log:28] Th√¥ng b√°o t·∫£i d·ªØ li·ªáu images by name th√†nh c√¥ng (126)
[2025-10-08 15:37:20 DEBUG Log:28] Load clan th√†nh c√¥ng (19), clan next id: 2506
[2025-10-08 15:37:20 DEBUG Log:20] T·ªïng th·ªùi gian load database: 1962(ms)
[2025-10-08 15:37:20 DEBUG Log:20] Start server......... Current thread: 291
[2025-10-08 15:37:20 DEBUG Log:28] ‚úÖ BossManager: Kh·ªüi t·∫°o boss th√†nh c√¥ng.
[2025-11-17 16:13:45 DEBUG Log:20] Start Menu
[2025-11-17 16:14:44 DEBUG Log:28] Load part th√†nh c√¥ng (2138)
[2025-11-17 16:14:44 DEBUG Log:28] Load map template th√†nh c√¥ng (169)
[2025-11-17 16:14:44 DEBUG Log:28] Load skill th√†nh c√¥ng (3)
[2025-11-17 16:14:44 DEBUG Log:28] Load head avatar th√†nh c√¥ng (459)
[2025-11-17 16:14:44 DEBUG Log:28] load Arr head 2 frames (45)
[2025-11-17 16:14:44 DEBUG Log:28] Load flag bag th√†nh c√¥ng (140)
[2025-11-17 16:14:44 DEBUG Log:28] Load c·∫£i trang th√†nh c√¥ng (406)
[2025-11-17 16:14:44 DEBUG Log:28] Load intrinsic th√†nh c√¥ng (27)
[2025-11-17 16:14:44 DEBUG Log:28] Load task th√†nh c√¥ng (35)
[2025-11-17 16:14:44 DEBUG Log:28] Load side task th√†nh c√¥ng (59)
[2025-11-17 16:14:44 DEBUG Log:28] Load map item template th√†nh c√¥ng (2129)
[2025-11-17 16:14:44 DEBUG Log:28] Load map item option template th√†nh c√¥ng (251)
[2025-11-17 16:14:44 DEBUG Log:28] Load shop th√†nh c√¥ng (25)
[2025-11-17 16:14:44 DEBUG Log:28] Load reward lucky round th√†nh c√¥ng! 98.26
[2025-11-17 16:14:44 DEBUG Log:28] Load mod reward th√†nh c√¥ng (82)
[2025-11-17 16:14:44 DEBUG Log:28] Load mob template th√†nh c√¥ng (92)
[2025-11-17 16:14:44 DEBUG Log:28] Load npc template th√†nh c√¥ng (81)
[2025-11-17 16:14:45 DEBUG Log:28] Th√¥ng b√°o t·∫£i d·ªØ li·ªáu images by name th√†nh c√¥ng (126)
[2025-11-17 16:14:45 DEBUG Log:28] Load clan th√†nh c√¥ng (18), clan next id: 2505
[2025-11-17 16:14:45 DEBUG Log:20] T·ªïng th·ªùi gian load database: 1643(ms)
[2025-11-17 16:14:45 DEBUG Log:20] Start server......... Current thread: 291
[2025-11-17 16:14:45 DEBUG Log:28] ‚úÖ BossManager: Kh·ªüi t·∫°o boss th√†nh c√¥ng.
[2025-11-20 19:28:29 DEBUG Log:20] Start Menu
[2025-11-20 19:29:36 DEBUG Log:28] Load part th√†nh c√¥ng (2138)
[2025-11-20 19:29:36 DEBUG Log:28] Load map template th√†nh c√¥ng (169)
[2025-11-20 19:29:36 DEBUG Log:28] Load skill th√†nh c√¥ng (3)
[2025-11-20 19:29:36 DEBUG Log:28] Load head avatar th√†nh c√¥ng (459)
[2025-11-20 19:29:36 DEBUG Log:28] load Arr head 2 frames (45)
[2025-11-20 19:29:36 DEBUG Log:28] Load flag bag th√†nh c√¥ng (140)
[2025-11-20 19:29:36 DEBUG Log:28] Load c·∫£i trang th√†nh c√¥ng (406)
[2025-11-20 19:29:36 DEBUG Log:28] Load intrinsic th√†nh c√¥ng (27)
[2025-11-20 19:29:36 DEBUG Log:28] Load task th√†nh c√¥ng (35)
[2025-11-20 19:29:36 DEBUG Log:28] Load side task th√†nh c√¥ng (59)
[2025-11-20 19:29:36 DEBUG Log:28] Load map item template th√†nh c√¥ng (2129)
[2025-11-20 19:29:36 DEBUG Log:28] Load map item option template th√†nh c√¥ng (251)
[2025-11-20 19:29:37 DEBUG Log:28] Load shop th√†nh c√¥ng (25)
[2025-11-20 19:29:37 DEBUG Log:28] Load reward lucky round th√†nh c√¥ng! 98.26
[2025-11-20 19:29:37 DEBUG Log:28] Load mod reward th√†nh c√¥ng (82)
[2025-11-20 19:29:37 DEBUG Log:28] Load mob template th√†nh c√¥ng (92)
[2025-11-20 19:29:37 DEBUG Log:28] Load npc template th√†nh c√¥ng (81)
[2025-11-20 19:29:37 DEBUG Log:28] Th√¥ng b√°o t·∫£i d·ªØ li·ªáu images by name th√†nh c√¥ng (126)
[2025-11-20 19:29:37 DEBUG Log:28] Load clan th√†nh c√¥ng (18), clan next id: 2505
[2025-11-20 19:29:38 DEBUG Log:20] T·ªïng th·ªùi gian load database: 2050(ms)
[2025-11-20 19:29:38 DEBUG Log:20] Start server......... Current thread: 292
[2025-11-20 19:29:38 DEBUG Log:28] ‚úÖ BossManager: Kh·ªüi t·∫°o boss th√†nh c√¥ng.
[2025-11-21 08:39:38 DEBUG Log:20] Start Menu
[2025-11-21 08:40:51 DEBUG Log:28] Load part th‡nh cÙng (2138)
[2025-11-21 08:40:51 DEBUG Log:28] Load map template th‡nh cÙng (169)
[2025-11-21 08:40:51 DEBUG Log:28] Load skill th‡nh cÙng (3)
[2025-11-21 08:40:51 DEBUG Log:28] Load head avatar th‡nh cÙng (459)
[2025-11-21 08:40:51 DEBUG Log:28] load Arr head 2 frames (45)
[2025-11-21 08:40:51 DEBUG Log:28] Load flag bag th‡nh cÙng (140)
[2025-11-21 08:40:51 DEBUG Log:28] Load c?i trang th‡nh cÙng (406)
[2025-11-21 08:40:52 DEBUG Log:28] Load intrinsic th‡nh cÙng (27)
[2025-11-21 08:40:52 DEBUG Log:28] Load task th‡nh cÙng (35)
[2025-11-21 08:40:52 DEBUG Log:28] Load side task th‡nh cÙng (59)
[2025-11-21 08:40:52 DEBUG Log:28] Load map item template th‡nh cÙng (2129)
[2025-11-21 08:40:52 DEBUG Log:28] Load map item option template th‡nh cÙng (251)
[2025-11-21 08:40:52 DEBUG Log:28] Load shop th‡nh cÙng (25)
[2025-11-21 08:40:52 DEBUG Log:28] Load reward lucky round th‡nh cÙng! 98.26
[2025-11-21 08:40:52 DEBUG Log:28] Load mod reward th‡nh cÙng (82)
[2025-11-21 08:40:52 DEBUG Log:28] Load mob template th‡nh cÙng (92)
[2025-11-21 08:40:52 DEBUG Log:28] Load npc template th‡nh cÙng (81)
[2025-11-21 08:40:53 DEBUG Log:28] ThÙng b·o t?i d? li?u images by name th‡nh cÙng (126)
[2025-11-21 08:40:53 DEBUG Log:28] Load clan th‡nh cÙng (18), clan next id: 2505
[2025-11-21 08:40:53 DEBUG Log:20] T?ng th?i gian load database: 2572(ms)
[2025-11-21 08:40:53 DEBUG Log:20] Start server......... Current thread: 292
[2025-11-21 08:40:54 DEBUG Log:28] ? BossManager: Kh?i t?o boss th‡nh cÙng.
[2025-11-21 08:48:48 DEBUG Log:20] Start Menu
[2025-11-21 08:49:57 DEBUG Log:28] Load part th√†nh c√¥ng (2138)
[2025-11-21 08:49:57 DEBUG Log:28] Load map template th√†nh c√¥ng (169)
[2025-11-21 08:49:57 DEBUG Log:28] Load skill th√†nh c√¥ng (3)
[2025-11-21 08:49:57 DEBUG Log:28] Load head avatar th√†nh c√¥ng (459)
[2025-11-21 08:49:57 DEBUG Log:28] load Arr head 2 frames (45)
[2025-11-21 08:49:57 DEBUG Log:28] Load flag bag th√†nh c√¥ng (140)
[2025-11-21 08:49:57 DEBUG Log:28] Load c·∫£i trang th√†nh c√¥ng (406)
[2025-11-21 08:49:57 DEBUG Log:28] Load intrinsic th√†nh c√¥ng (27)
[2025-11-21 08:49:57 DEBUG Log:28] Load task th√†nh c√¥ng (35)
[2025-11-21 08:49:57 DEBUG Log:28] Load side task th√†nh c√¥ng (59)
[2025-11-21 08:49:57 DEBUG Log:28] Load map item template th√†nh c√¥ng (2129)
[2025-11-21 08:49:57 DEBUG Log:28] Load map item option template th√†nh c√¥ng (251)
[2025-11-21 08:49:58 DEBUG Log:28] Load shop th√†nh c√¥ng (25)
[2025-11-21 08:49:58 DEBUG Log:28] Load reward lucky round th√†nh c√¥ng! 98.26
[2025-11-21 08:49:58 DEBUG Log:28] Load mod reward th√†nh c√¥ng (82)
[2025-11-21 08:49:58 DEBUG Log:28] Load mob template th√†nh c√¥ng (92)
[2025-11-21 08:49:58 DEBUG Log:28] Load npc template th√†nh c√¥ng (81)
[2025-11-21 08:49:58 DEBUG Log:28] Th√¥ng b√°o t·∫£i d·ªØ li·ªáu images by name th√†nh c√¥ng (126)
[2025-11-21 08:49:58 DEBUG Log:28] Load clan th√†nh c√¥ng (18), clan next id: 2505
[2025-11-21 08:49:59 DEBUG Log:20] T·ªïng th·ªùi gian load database: 2065(ms)
[2025-11-21 08:49:59 DEBUG Log:20] Start server......... Current thread: 289
[2025-11-21 08:49:59 DEBUG Log:28] ‚úÖ BossManager: Kh·ªüi t·∫°o boss th√†nh c√¥ng.
[2025-11-21 09:53:34 DEBUG Log:20] Start Menu
[2025-11-21 09:54:29 DEBUG Log:28] Load part th‡nh cÙng (2138)
[2025-11-21 09:54:29 DEBUG Log:28] Load map template th‡nh cÙng (169)
[2025-11-21 09:54:29 DEBUG Log:28] Load skill th‡nh cÙng (3)
[2025-11-21 09:54:29 DEBUG Log:28] Load head avatar th‡nh cÙng (459)
[2025-11-21 09:54:29 DEBUG Log:28] load Arr head 2 frames (45)
[2025-11-21 09:54:29 DEBUG Log:28] Load flag bag th‡nh cÙng (140)
[2025-11-21 09:54:29 DEBUG Log:28] Load c?i trang th‡nh cÙng (406)
[2025-11-21 09:54:29 DEBUG Log:28] Load intrinsic th‡nh cÙng (27)
[2025-11-21 09:54:29 DEBUG Log:28] Load task th‡nh cÙng (35)
[2025-11-21 09:54:29 DEBUG Log:28] Load side task th‡nh cÙng (59)
[2025-11-21 09:54:29 DEBUG Log:28] Load map item template th‡nh cÙng (2129)
[2025-11-21 09:54:29 DEBUG Log:28] Load map item option template th‡nh cÙng (251)
[2025-11-21 09:54:30 DEBUG Log:28] Load shop th‡nh cÙng (25)
[2025-11-21 09:54:30 DEBUG Log:28] Load reward lucky round th‡nh cÙng! 98.26
[2025-11-21 09:54:30 DEBUG Log:28] Load mod reward th‡nh cÙng (82)
[2025-11-21 09:54:30 DEBUG Log:28] Load mob template th‡nh cÙng (92)
[2025-11-21 09:54:30 DEBUG Log:28] Load npc template th‡nh cÙng (81)
[2025-11-21 09:54:31 DEBUG Log:28] ThÙng b·o t?i d? li?u images by name th‡nh cÙng (126)
[2025-11-21 09:54:31 DEBUG Log:28] Load clan th‡nh cÙng (18), clan next id: 2505
[2025-11-21 09:54:31 DEBUG Log:20] T?ng th?i gian load database: 2094(ms)
[2025-11-21 09:54:31 DEBUG Log:20] Start server......... Current thread: 291
[2025-11-21 09:54:31 DEBUG Log:28] ? BossManager: Kh?i t?o boss th‡nh cÙng.
